[0m10:19:37.180245 [debug] [MainThread]: Sending event: {'category': 'dbt', 'action': 'invocation', 'label': 'start', 'context': [<snowplow_tracker.self_describing_json.SelfDescribingJson object at 0x00000265B51618D0>, <snowplow_tracker.self_describing_json.SelfDescribingJson object at 0x00000265B6247C90>, <snowplow_tracker.self_describing_json.SelfDescribingJson object at 0x00000265B6555550>]}


============================== 10:19:37.186194 | 8a532044-cdf0-4699-82a4-5043e63e09d1 ==============================
[0m10:19:37.186194 [info ] [MainThread]: Running with dbt=1.7.19
[0m10:19:37.187166 [debug] [MainThread]: running dbt with arguments {'printer_width': '80', 'indirect_selection': 'eager', 'log_cache_events': 'False', 'write_json': 'True', 'partial_parse': 'True', 'cache_selected_only': 'False', 'profiles_dir': '.', 'version_check': 'True', 'debug': 'False', 'log_path': 'logs', 'warn_error': 'None', 'fail_fast': 'False', 'use_colors': 'True', 'use_experimental_parser': 'False', 'no_print': 'None', 'quiet': 'False', 'log_format': 'default', 'introspect': 'True', 'invocation_command': 'dbt run --select staging --profiles-dir .', 'static_parser': 'True', 'target_path': 'None', 'warn_error_options': 'WarnErrorOptions(include=[], exclude=[])', 'send_anonymous_usage_stats': 'True'}
[0m10:19:37.188300 [error] [MainThread]: Encountered an error:
Runtime Error
  No dbt_project.yml found at expected path C:\Users\HARI SANKAR REDDY\OneDrive\Desktop\New folder\india-price-intelligence-pipeline\dbt_project.yml
  Verify that each entry within packages.yml (and their transitive dependencies) contains a file named dbt_project.yml
  
[0m10:19:37.189715 [debug] [MainThread]: Command `dbt run` failed at 10:19:37.189715 after 0.07 seconds
[0m10:19:37.189715 [debug] [MainThread]: Sending event: {'category': 'dbt', 'action': 'invocation', 'label': 'end', 'context': [<snowplow_tracker.self_describing_json.SelfDescribingJson object at 0x00000265B59A0510>, <snowplow_tracker.self_describing_json.SelfDescribingJson object at 0x00000265B59A0810>, <snowplow_tracker.self_describing_json.SelfDescribingJson object at 0x00000265AF7537D0>]}
[0m10:19:37.190914 [debug] [MainThread]: Flushing usage events
[0m10:19:40.827967 [debug] [MainThread]: Sending event: {'category': 'dbt', 'action': 'invocation', 'label': 'start', 'context': [<snowplow_tracker.self_describing_json.SelfDescribingJson object at 0x000002B8F2AE5210>, <snowplow_tracker.self_describing_json.SelfDescribingJson object at 0x000002B8F2AE6290>, <snowplow_tracker.self_describing_json.SelfDescribingJson object at 0x000002B8F2AE6BD0>]}


============================== 10:19:40.831541 | db16ac3a-7177-4d29-8643-a3f805cc191d ==============================
[0m10:19:40.831541 [info ] [MainThread]: Running with dbt=1.7.19
[0m10:19:40.833070 [debug] [MainThread]: running dbt with arguments {'printer_width': '80', 'indirect_selection': 'eager', 'write_json': 'True', 'log_cache_events': 'False', 'partial_parse': 'True', 'cache_selected_only': 'False', 'profiles_dir': '.', 'fail_fast': 'False', 'version_check': 'True', 'log_path': 'logs', 'warn_error': 'None', 'debug': 'False', 'use_colors': 'True', 'use_experimental_parser': 'False', 'no_print': 'None', 'quiet': 'False', 'log_format': 'default', 'introspect': 'True', 'warn_error_options': 'WarnErrorOptions(include=[], exclude=[])', 'invocation_command': 'dbt run --select intermediate --profiles-dir .', 'target_path': 'None', 'static_parser': 'True', 'send_anonymous_usage_stats': 'True'}
[0m10:19:40.834078 [error] [MainThread]: Encountered an error:
Runtime Error
  No dbt_project.yml found at expected path C:\Users\HARI SANKAR REDDY\OneDrive\Desktop\New folder\india-price-intelligence-pipeline\dbt_project.yml
  Verify that each entry within packages.yml (and their transitive dependencies) contains a file named dbt_project.yml
  
[0m10:19:40.834078 [debug] [MainThread]: Command `dbt run` failed at 10:19:40.834078 after 0.08 seconds
[0m10:19:40.835584 [debug] [MainThread]: Sending event: {'category': 'dbt', 'action': 'invocation', 'label': 'end', 'context': [<snowplow_tracker.self_describing_json.SelfDescribingJson object at 0x000002B8F2B623D0>, <snowplow_tracker.self_describing_json.SelfDescribingJson object at 0x000002B8F2B60110>, <snowplow_tracker.self_describing_json.SelfDescribingJson object at 0x000002B8EBB48E10>]}
[0m10:19:40.835584 [debug] [MainThread]: Flushing usage events
[0m10:19:44.735446 [debug] [MainThread]: Sending event: {'category': 'dbt', 'action': 'invocation', 'label': 'start', 'context': [<snowplow_tracker.self_describing_json.SelfDescribingJson object at 0x000001D980DE5B90>, <snowplow_tracker.self_describing_json.SelfDescribingJson object at 0x000001D980DE7D90>, <snowplow_tracker.self_describing_json.SelfDescribingJson object at 0x000001D980DE7B50>]}


============================== 10:19:44.739487 | db83f39b-b6d1-4e8b-ae6e-4bc6e2f3114a ==============================
[0m10:19:44.739487 [info ] [MainThread]: Running with dbt=1.7.19
[0m10:19:44.740453 [debug] [MainThread]: running dbt with arguments {'printer_width': '80', 'indirect_selection': 'eager', 'log_cache_events': 'False', 'write_json': 'True', 'partial_parse': 'True', 'cache_selected_only': 'False', 'warn_error': 'None', 'debug': 'False', 'version_check': 'True', 'log_path': 'logs', 'fail_fast': 'False', 'profiles_dir': '.', 'use_colors': 'True', 'use_experimental_parser': 'False', 'no_print': 'None', 'quiet': 'False', 'log_format': 'default', 'invocation_command': 'dbt run --select marts --profiles-dir .', 'static_parser': 'True', 'introspect': 'True', 'target_path': 'None', 'warn_error_options': 'WarnErrorOptions(include=[], exclude=[])', 'send_anonymous_usage_stats': 'True'}
[0m10:19:44.740453 [error] [MainThread]: Encountered an error:
Runtime Error
  No dbt_project.yml found at expected path C:\Users\HARI SANKAR REDDY\OneDrive\Desktop\New folder\india-price-intelligence-pipeline\dbt_project.yml
  Verify that each entry within packages.yml (and their transitive dependencies) contains a file named dbt_project.yml
  
[0m10:19:44.743027 [debug] [MainThread]: Command `dbt run` failed at 10:19:44.742019 after 0.07 seconds
[0m10:19:44.743027 [debug] [MainThread]: Sending event: {'category': 'dbt', 'action': 'invocation', 'label': 'end', 'context': [<snowplow_tracker.self_describing_json.SelfDescribingJson object at 0x000001D9F9D59490>, <snowplow_tracker.self_describing_json.SelfDescribingJson object at 0x000001D980E46D10>, <snowplow_tracker.self_describing_json.SelfDescribingJson object at 0x000001D980E47C50>]}
[0m10:19:44.743568 [debug] [MainThread]: Flushing usage events
[0m10:19:48.484190 [debug] [MainThread]: Sending event: {'category': 'dbt', 'action': 'invocation', 'label': 'start', 'context': [<snowplow_tracker.self_describing_json.SelfDescribingJson object at 0x000001643B3EEB10>, <snowplow_tracker.self_describing_json.SelfDescribingJson object at 0x000001643A7E0710>, <snowplow_tracker.self_describing_json.SelfDescribingJson object at 0x000001643B4063D0>]}


============================== 10:19:48.488247 | e9cb9105-df4e-4f87-bd0a-ba13ac1b13f0 ==============================
[0m10:19:48.488247 [info ] [MainThread]: Running with dbt=1.7.19
[0m10:19:48.489137 [debug] [MainThread]: running dbt with arguments {'printer_width': '80', 'indirect_selection': 'eager', 'write_json': 'True', 'log_cache_events': 'False', 'partial_parse': 'True', 'cache_selected_only': 'False', 'warn_error': 'None', 'fail_fast': 'False', 'debug': 'False', 'log_path': 'logs', 'profiles_dir': '.', 'version_check': 'True', 'use_colors': 'True', 'use_experimental_parser': 'False', 'no_print': 'None', 'quiet': 'False', 'warn_error_options': 'WarnErrorOptions(include=[], exclude=[])', 'introspect': 'True', 'static_parser': 'True', 'invocation_command': 'dbt test --profiles-dir .', 'target_path': 'None', 'log_format': 'default', 'send_anonymous_usage_stats': 'True'}
[0m10:19:48.490429 [error] [MainThread]: Encountered an error:
Runtime Error
  No dbt_project.yml found at expected path C:\Users\HARI SANKAR REDDY\OneDrive\Desktop\New folder\india-price-intelligence-pipeline\dbt_project.yml
  Verify that each entry within packages.yml (and their transitive dependencies) contains a file named dbt_project.yml
  
[0m10:19:48.491936 [debug] [MainThread]: Command `dbt test` failed at 10:19:48.490429 after 0.06 seconds
[0m10:19:48.491936 [debug] [MainThread]: Sending event: {'category': 'dbt', 'action': 'invocation', 'label': 'end', 'context': [<snowplow_tracker.self_describing_json.SelfDescribingJson object at 0x000001643B09C290>, <snowplow_tracker.self_describing_json.SelfDescribingJson object at 0x00000164343E92D0>, <snowplow_tracker.self_describing_json.SelfDescribingJson object at 0x00000164343E8CD0>]}
[0m10:19:48.492940 [debug] [MainThread]: Flushing usage events
